<?xml version="1.0" encoding="UTF-8"?>
<!-- Generated by org.testng.reporters.JUnitReportReporter -->
<testsuite skipped="0" hostname="PERFIOS-HW-078" name="Regression.SaveAllSettings" tests="1" failures="0" timestamp="21 Jun 2020 07:16:36 GMT" time="0.080" errors="0">
  <testcase name="SaveAll_Settings" time="0.080" classname="Regression.SaveAllSettings"/>
</testsuite> <!-- Regression.SaveAllSettings -->
