<?xml version="1.0" encoding="UTF-8"?>
<!-- Generated by org.testng.reporters.JUnitReportReporter -->
<testsuite skipped="0" hostname="PERFIOS-HW-078" name="Regression.ClaimAmountMissing" tests="1" failures="0" timestamp="21 Jun 2020 07:16:36 GMT" time="6.133" errors="0">
  <testcase name="ClaimAmountMissingErrorCode" time="6.133" classname="Regression.ClaimAmountMissing"/>
</testsuite> <!-- Regression.ClaimAmountMissing -->
