<?xml version="1.0" encoding="UTF-8"?>
<!-- Generated by org.testng.reporters.JUnitReportReporter -->
<testsuite skipped="0" hostname="PERFIOS-HW-078" name="Regression.GetGivenSettings_ReportingConfig" tests="1" failures="0" timestamp="21 Jun 2020 07:16:36 GMT" time="0.064" errors="0">
  <testcase name="GetGivenSettingsReportingConfig" time="0.064" classname="Regression.GetGivenSettings_ReportingConfig"/>
</testsuite> <!-- Regression.GetGivenSettings_ReportingConfig -->
