<?xml version="1.0" encoding="UTF-8"?>
<!-- Generated by org.testng.reporters.JUnitReportReporter -->
<testsuite skipped="0" hostname="PERFIOS-HW-078" name="Regression.sendReports" tests="1" failures="0" timestamp="18 Jun 2020 07:28:25 GMT" time="5.768" errors="0">
  <testcase name="sendReportsToPeople" time="5.768" classname="Regression.sendReports"/>
</testsuite> <!-- Regression.sendReports -->
