<?xml version="1.0" encoding="UTF-8"?>
<!-- Generated by org.testng.reporters.JUnitReportReporter -->
<testsuite skipped="0" hostname="PERFIOS-HW-078" name="Regression.RetryTransaction" tests="1" failures="0" timestamp="21 Jun 2020 07:16:36 GMT" time="45.098" errors="0">
  <testcase name="Retry_Transaction" time="45.098" classname="Regression.RetryTransaction"/>
</testsuite> <!-- Regression.RetryTransaction -->
