<?xml version="1.0" encoding="UTF-8"?>
<!-- Generated by org.testng.reporters.JUnitReportReporter -->
<testsuite hostname="PERFIOS-HW-078" name="MediclaimAutomation.MediclaimAPI.INIT_Test" tests="1" failures="0" timestamp="1 Mar 2020 09:13:06 GMT" time="1.943" errors="0">
  <testcase name="InitiateMediclaimJob" time="1.943" classname="MediclaimAutomation.MediclaimAPI.INIT_Test"/>
</testsuite> <!-- MediclaimAutomation.MediclaimAPI.INIT_Test -->
