<?xml version="1.0" encoding="UTF-8"?>
<!-- Generated by org.testng.reporters.JUnitReportReporter -->
<testsuite skipped="0" hostname="PERFIOS-HW-078" name="Regression.MultipleBillErrorCode" tests="1" failures="0" timestamp="21 Jun 2020 07:16:36 GMT" time="6.287" errors="0">
  <testcase name="MultipleBill_ErrorCode" time="6.287" classname="Regression.MultipleBillErrorCode"/>
</testsuite> <!-- Regression.MultipleBillErrorCode -->
