<?xml version="1.0" encoding="UTF-8"?>
<!-- Generated by org.testng.reporters.JUnitReportReporter -->
<testsuite skipped="0" hostname="PERFIOS-HW-078" name="Utils.sendReports" tests="1" failures="0" timestamp="21 Jun 2020 06:57:49 GMT" time="6.217" errors="0">
  <testcase name="sendReportsToPeople" time="6.217" classname="Utils.sendReports"/>
</testsuite> <!-- Utils.sendReports -->
