<?xml version="1.0" encoding="UTF-8"?>
<!-- Generated by org.testng.reporters.JUnitReportReporter -->
<testsuite skipped="0" hostname="PERFIOS-HW-229" name="MediclaimAutomation.MediclaimAPI.RollersTest" tests="1" failures="0" timestamp="15 Apr 2020 06:27:49 GMT" time="3.063" errors="0">
  <testcase name="LoadFilesToRollers" time="3.063" classname="MediclaimAutomation.MediclaimAPI.RollersTest"/>
</testsuite> <!-- MediclaimAutomation.MediclaimAPI.RollersTest -->
