<?xml version="1.0" encoding="UTF-8"?>
<!-- Generated by org.testng.reporters.JUnitReportReporter -->
<testsuite skipped="1" hostname="PERFIOS-HW-078" name="Regression.AddOrgs" tests="2" failures="0" timestamp="10 Jun 2020 13:56:11 GMT" time="0.004" errors="0">
  <testcase name="genarteRandomNumbers" time="0.004" classname="Regression.AddOrgs"/>
  <testcase name="GetAllOrgs" classname="Regression.AddOrgs">
    <skipped/>
  </testcase> <!-- GetAllOrgs -->
</testsuite> <!-- Regression.AddOrgs -->
