<?xml version="1.0" encoding="UTF-8"?>
<!-- Generated by org.testng.reporters.JUnitReportReporter -->
<testsuite hostname="PERFIOS-HW-078" name="MediclaimAutomation.MediclaimAPI.InitiateUploadProcessTest" tests="5" failures="0" timestamp="3 Mar 2020 03:46:38 GMT" time="2.455" errors="0">
  <testcase name="ProcessMediclaimFile" time="0.496" classname="MediclaimAutomation.MediclaimAPI.InitiateUploadProcessTest"/>
  <testcase name="Incorrectpayload" time="0.051" classname="MediclaimAutomation.MediclaimAPI.InitiateUploadProcessTest"/>
  <testcase name="IncorrectOrgName" time="1.588" classname="MediclaimAutomation.MediclaimAPI.InitiateUploadProcessTest"/>
  <testcase name="InitiateMediclaimJob" time="0.056" classname="MediclaimAutomation.MediclaimAPI.InitiateUploadProcessTest"/>
  <testcase name="UploadMediclaimFile" time="0.264" classname="MediclaimAutomation.MediclaimAPI.InitiateUploadProcessTest"/>
</testsuite> <!-- MediclaimAutomation.MediclaimAPI.InitiateUploadProcessTest -->
