<?xml version="1.0" encoding="UTF-8"?>
<!-- Generated by org.testng.reporters.JUnitReportReporter -->
<testsuite hostname="PERFIOS-HW-078" name="MediclaimAutomation.MediclaimAPI.MediclaimAPITest" tests="10" failures="0" timestamp="11 Mar 2020 18:58:24 GMT" time="18.071" errors="0">
  <testcase name="SuccessfulReportGeneration" time="7.757" classname="MediclaimAutomation.MediclaimAPI.MediclaimAPITest"/>
  <testcase name="UploadMediclaimFile" time="0.316" classname="MediclaimAutomation.MediclaimAPI.MediclaimAPITest"/>
  <testcase name="NoOrgName" time="0.028" classname="MediclaimAutomation.MediclaimAPI.MediclaimAPITest"/>
  <testcase name="ABMErrorCode" time="4.489" classname="MediclaimAutomation.MediclaimAPI.MediclaimAPITest"/>
  <testcase name="IncompleteDataErrorCode" time="2.480" classname="MediclaimAutomation.MediclaimAPI.MediclaimAPITest"/>
  <testcase name="CheckAllStatus" time="2.501" classname="MediclaimAutomation.MediclaimAPI.MediclaimAPITest"/>
  <testcase name="Incorrectpayload" time="0.043" classname="MediclaimAutomation.MediclaimAPI.MediclaimAPITest"/>
  <testcase name="ProcessMediclaimFile" time="0.385" classname="MediclaimAutomation.MediclaimAPI.MediclaimAPITest"/>
  <testcase name="IncorrectOrgName" time="0.025" classname="MediclaimAutomation.MediclaimAPI.MediclaimAPITest"/>
  <testcase name="InitiateMediclaimJob" time="0.047" classname="MediclaimAutomation.MediclaimAPI.MediclaimAPITest"/>
</testsuite> <!-- MediclaimAutomation.MediclaimAPI.MediclaimAPITest -->
