<?xml version="1.0" encoding="UTF-8"?>
<!-- Generated by org.testng.reporters.JUnitReportReporter -->
<testsuite skipped="0" hostname="PERFIOS-HW-078" name="Regression.IncorrectPayload" tests="1" failures="0" timestamp="21 Jun 2020 07:16:36 GMT" time="0.082" errors="0">
  <testcase name="Incorrectpayload" time="0.082" classname="Regression.IncorrectPayload"/>
</testsuite> <!-- Regression.IncorrectPayload -->
