<?xml version="1.0" encoding="UTF-8"?>
<!-- Generated by org.testng.reporters.JUnitReportReporter -->
<testsuite hostname="PERFIOS-HW-078" name="MediclaimAutomation.MediclaimAPI.InitiateUploadProcessFile" tests="1" failures="0" timestamp="11 Mar 2020 18:02:18 GMT" time="4.792" errors="0">
  <testcase name="ProcessMediclaimFile" time="4.792" classname="MediclaimAutomation.MediclaimAPI.InitiateUploadProcessFile"/>
</testsuite> <!-- MediclaimAutomation.MediclaimAPI.InitiateUploadProcessFile -->
