<?xml version="1.0" encoding="UTF-8"?>
<!-- Generated by org.testng.reporters.JUnitReportReporter -->
<testsuite skipped="0" hostname="PERFIOS-HW-078" name="Regression.ABMErrorCode" tests="1" failures="0" timestamp="21 Jun 2020 07:16:36 GMT" time="7.730" errors="0">
  <testcase name="ABM_ErrorCode" time="7.730" classname="Regression.ABMErrorCode"/>
</testsuite> <!-- Regression.ABMErrorCode -->
