<?xml version="1.0" encoding="UTF-8"?>
<!-- Generated by org.testng.reporters.JUnitReportReporter -->
<testsuite skipped="0" hostname="PERFIOS-HW-078" name="Regression.TooManyPagesErrorCode" tests="1" failures="0" timestamp="21 Jun 2020 07:16:36 GMT" time="5.633" errors="0">
  <testcase name="TooManyPages_ErrorCode" time="5.633" classname="Regression.TooManyPagesErrorCode"/>
</testsuite> <!-- Regression.TooManyPagesErrorCode -->
