<?xml version="1.0" encoding="UTF-8"?>
<!-- Generated by org.testng.reporters.JUnitReportReporter -->
<testsuite skipped="3" hostname="PERFIOS-HW-078" name="MediclaimAutomation.MediclaimAPI.MediclaimAPISmokeTest" tests="4" failures="0" timestamp="08 Jun 2020 17:03:51 GMT" time="23.572" errors="0">
  <testcase name="SuccessfulReportGenerationMA" time="23.572" classname="MediclaimAutomation.MediclaimAPI.MediclaimAPISmokeTest"/>
  <testcase name="OtherErrorCode" classname="MediclaimAutomation.MediclaimAPI.MediclaimAPISmokeTest">
    <skipped/>
  </testcase> <!-- OtherErrorCode -->
  <testcase name="getOrgsAPI" classname="MediclaimAutomation.MediclaimAPI.MediclaimAPISmokeTest">
    <skipped/>
  </testcase> <!-- getOrgsAPI -->
  <testcase name="SuccessfulReportGeneration" classname="MediclaimAutomation.MediclaimAPI.MediclaimAPISmokeTest">
    <skipped/>
  </testcase> <!-- SuccessfulReportGeneration -->
</testsuite> <!-- MediclaimAutomation.MediclaimAPI.MediclaimAPISmokeTest -->
